<?xml version="1.0" encoding="UTF-8"?>
<testsuite xmlns:xsi="http://www.w3.org/2001/XMLSchema-instance" xsi:noNamespaceSchemaLocation="https://maven.apache.org/surefire/maven-surefire-plugin/xsd/surefire-test-report-3.0.xsd" version="3.0" name="com.brian.interest.service.InterestServiceTest" time="0.1" tests="4" errors="0" skipped="0" failures="0">
  <properties>
[...]
</properties>
  <testcase name="testZeroValues" classname="com.brian.interest.service.InterestServiceTest" time="0.049"/>
  <testcase name="testCompoundInterest" classname="com.brian.interest.service.InterestServiceTest" time="0.003"/>
  <testcase name="testSimpleInterest" classname="com.brian.interest.service.InterestServiceTest" time="0.002"/>
  <testcase name="testNegativeValues" classname="com.brian.interest.service.InterestServiceTest" time="0.004"/>
</testsuite>